<?xml version="1.0" encoding="UTF-8"?>
<!-- Generated by org.testng.reporters.JUnitReportReporter -->
<testsuite hostname="DESKTOP-HR7OA0S" name="tests.CreateInvoice" tests="1" failures="0" timestamp="2 Mar 2016 11:34:28 GMT" time="280.292" errors="0">
  <testcase name="createInvoice" time="280.292" classname="tests.CreateInvoice"/>
</testsuite> <!-- tests.CreateInvoice -->
