<?xml version="1.0" encoding="UTF-8"?>
<!-- Generated by org.testng.reporters.JUnitReportReporter -->
<testsuite hostname="DESKTOP-HR7OA0S" name="tests.CreateInvoice" tests="1" failures="0" timestamp="8 Mar 2016 12:02:38 GMT" time="46.322" errors="0">
  <testcase name="createInvoice" time="46.322" classname="tests.CreateInvoice"/>
</testsuite> <!-- tests.CreateInvoice -->
