<?xml version="1.0" encoding="UTF-8"?>
<!-- Generated by org.testng.reporters.JUnitReportReporter -->
<testsuite hostname="DESKTOP-HR7OA0S" name="tests.CreateInvoice" tests="1" failures="0" timestamp="7 Mar 2016 13:34:38 GMT" time="30.146" errors="0">
  <testcase name="createInvoice" time="30.146" classname="tests.CreateInvoice"/>
</testsuite> <!-- tests.CreateInvoice -->
