<?xml version="1.0" encoding="UTF-8"?>
<!-- Generated by org.testng.reporters.JUnitReportReporter -->
<testsuite hostname="DESKTOP-HR7OA0S" name="tests.Login" tests="1" failures="0" timestamp="25 Feb 2016 11:46:34 GMT" time="14.899" errors="0">
  <testcase name="loginTest" time="14.899" classname="tests.Login"/>
</testsuite> <!-- tests.Login -->
