<?xml version="1.0" encoding="UTF-8"?>
<!-- Generated by org.testng.reporters.JUnitReportReporter -->
<testsuite hostname="DESKTOP-HR7OA0S" name="tests.CreateInvoice" tests="1" failures="0" timestamp="7 Mar 2016 15:11:27 GMT" time="34.743" errors="0">
  <testcase name="createInvoice" time="34.743" classname="tests.CreateInvoice"/>
</testsuite> <!-- tests.CreateInvoice -->
