<?xml version="1.0" encoding="UTF-8"?>
<!-- Generated by org.testng.reporters.JUnitReportReporter -->
<testsuite hostname="DESKTOP-HR7OA0S" name="tests.CreateInvoice" tests="1" failures="0" timestamp="7 Mar 2016 11:41:46 GMT" time="61.954" errors="0">
  <testcase name="createInvoice" time="61.954" classname="tests.CreateInvoice"/>
</testsuite> <!-- tests.CreateInvoice -->
