<?xml version="1.0" encoding="UTF-8"?>
<!-- Generated by org.testng.reporters.JUnitReportReporter -->
<testsuite hostname="DESKTOP-HR7OA0S" name="tests.CreateInvoice" tests="1" failures="0" timestamp="10 Mar 2016 10:31:44 GMT" time="76.400" errors="0">
  <testcase name="createInvoice" time="76.400" classname="tests.CreateInvoice"/>
</testsuite> <!-- tests.CreateInvoice -->
